0 info it worked if it ends with ok
1 verbose cli [ 'node', '/usr/local/bin/npm', 'install', '-g', 'learnyounode' ]
2 info using npm@2.8.3
3 info using node@v0.12.2
4 verbose install initial load of /usr/local/lib/package.json
5 verbose readDependencies loading dependencies from /usr/local/lib/package.json
6 silly cache add args [ 'learnyounode', null ]
7 verbose cache add spec learnyounode
8 silly cache add parsed spec { raw: 'learnyounode',
8 silly cache add   scope: null,
8 silly cache add   name: 'learnyounode',
8 silly cache add   rawSpec: '',
8 silly cache add   spec: '*',
8 silly cache add   type: 'range' }
9 silly addNamed learnyounode@*
10 verbose addNamed "*" is a valid semver range for learnyounode
11 silly addNameRange { name: 'learnyounode', range: '*', hasData: false }
12 silly mapToRegistry name learnyounode
13 silly mapToRegistry using default registry
14 silly mapToRegistry registry https://registry.npmjs.org/
15 silly mapToRegistry uri https://registry.npmjs.org/learnyounode
16 verbose addNameRange registry:https://registry.npmjs.org/learnyounode not in flight; fetching
17 verbose request uri https://registry.npmjs.org/learnyounode
18 verbose request no auth needed
19 info attempt registry request try #1 at 12:52:21
20 verbose request id 8607c948efa3a0fa
21 verbose etag "5A5TYUUDRDRF1CBQTI8JJTOKF"
22 http request GET https://registry.npmjs.org/learnyounode
23 http 304 https://registry.npmjs.org/learnyounode
24 silly get cb [ 304,
24 silly get   { date: 'Mon, 06 Jul 2015 16:52:22 GMT',
24 silly get     via: '1.1 varnish',
24 silly get     'cache-control': 'max-age=60',
24 silly get     etag: '"5A5TYUUDRDRF1CBQTI8JJTOKF"',
24 silly get     age: '0',
24 silly get     connection: 'keep-alive',
24 silly get     'x-served-by': 'cache-atl6223-ATL',
24 silly get     'x-cache': 'HIT',
24 silly get     'x-cache-hits': '1',
24 silly get     'x-timer': 'S1436201542.043305,VS0,VE97',
24 silly get     vary: 'Accept' } ]
25 verbose etag https://registry.npmjs.org/learnyounode from cache
26 verbose get saving learnyounode to /home/vault/.npm/registry.npmjs.org/learnyounode/.cache.json
27 silly addNameRange number 2 { name: 'learnyounode', range: '*', hasData: true }
28 silly addNameRange versions [ 'learnyounode',
28 silly addNameRange   [ '0.0.0',
28 silly addNameRange     '0.0.1',
28 silly addNameRange     '0.0.2',
28 silly addNameRange     '0.0.3',
28 silly addNameRange     '0.0.4',
28 silly addNameRange     '0.0.5',
28 silly addNameRange     '0.0.6',
28 silly addNameRange     '0.0.7',
28 silly addNameRange     '0.0.8',
28 silly addNameRange     '0.0.9',
28 silly addNameRange     '0.1.0',
28 silly addNameRange     '0.1.1',
28 silly addNameRange     '0.2.0',
28 silly addNameRange     '0.2.1',
28 silly addNameRange     '0.2.2',
28 silly addNameRange     '0.2.3',
28 silly addNameRange     '0.2.4',
28 silly addNameRange     '0.2.5',
28 silly addNameRange     '0.2.6',
28 silly addNameRange     '0.2.7',
28 silly addNameRange     '0.2.8',
28 silly addNameRange     '0.2.9',
28 silly addNameRange     '0.2.10',
28 silly addNameRange     '0.2.11',
28 silly addNameRange     '0.2.12',
28 silly addNameRange     '0.2.13',
28 silly addNameRange     '0.2.14',
28 silly addNameRange     '0.2.15',
28 silly addNameRange     '0.2.16',
28 silly addNameRange     '0.2.16-mimbug',
28 silly addNameRange     '0.3.0',
28 silly addNameRange     '0.3.1',
28 silly addNameRange     '0.3.2',
28 silly addNameRange     '0.3.3',
28 silly addNameRange     '0.4.0',
28 silly addNameRange     '0.4.1',
28 silly addNameRange     '1.0.0-alpha01',
28 silly addNameRange     '1.0.0',
28 silly addNameRange     '1.0.1',
28 silly addNameRange     '1.0.2',
28 silly addNameRange     '1.0.3',
28 silly addNameRange     '1.0.4',
28 silly addNameRange     '1.0.5',
28 silly addNameRange     '1.0.6',
28 silly addNameRange     '1.0.7',
28 silly addNameRange     '2.0.0',
28 silly addNameRange     '2.0.1',
28 silly addNameRange     '2.1.0',
28 silly addNameRange     '2.2.0',
28 silly addNameRange     '2.2.1',
28 silly addNameRange     '2.2.2',
28 silly addNameRange     '2.3.0',
28 silly addNameRange     '2.3.1',
28 silly addNameRange     '2.3.2',
28 silly addNameRange     '2.3.3',
28 silly addNameRange     '2.3.4',
28 silly addNameRange     '2.4.0',
28 silly addNameRange     '2.5.0',
28 silly addNameRange     '2.6.0',
28 silly addNameRange     '2.5.1',
28 silly addNameRange     '2.5.2' ] ]
29 silly addNamed learnyounode@2.5.2
30 verbose addNamed "2.5.2" is a plain semver version for learnyounode
31 silly cache afterAdd learnyounode@2.5.2
32 verbose afterAdd /home/vault/.npm/learnyounode/2.5.2/package/package.json not in flight; writing
33 verbose afterAdd /home/vault/.npm/learnyounode/2.5.2/package/package.json written
34 silly install resolved [ { name: 'learnyounode',
34 silly install resolved     version: '2.5.2',
34 silly install resolved     description: 'Learn You The Node.js For Much Win! An intro to Node.js via a set of self-guided workshops.',
34 silly install resolved     author:
34 silly install resolved      { name: 'Rod Vagg',
34 silly install resolved        email: 'rod@vagg.org',
34 silly install resolved        url: 'https://github.com/rvagg' },
34 silly install resolved     contributors:
34 silly install resolved      [ [Object],
34 silly install resolved        [Object],
34 silly install resolved        [Object],
34 silly install resolved        [Object],
34 silly install resolved        [Object],
34 silly install resolved        [Object],
34 silly install resolved        [Object],
34 silly install resolved        [Object],
34 silly install resolved        [Object],
34 silly install resolved        [Object],
34 silly install resolved        [Object],
34 silly install resolved        [Object],
34 silly install resolved        [Object],
34 silly install resolved        [Object],
34 silly install resolved        [Object],
34 silly install resolved        [Object] ],
34 silly install resolved     repository:
34 silly install resolved      { type: 'git',
34 silly install resolved        url: 'git+https://github.com/rvagg/learnyounode.git' },
34 silly install resolved     license: 'MIT',
34 silly install resolved     dependencies:
34 silly install resolved      { after: '~0.8.1',
34 silly install resolved        bl: '~0.9.4',
34 silly install resolved        boganipsum: '~0.1.0',
34 silly install resolved        chalk: '~0.5.1',
34 silly install resolved        'colors-tmpl': '~1.0.0',
34 silly install resolved        'combined-stream': '~0.0.7',
34 silly install resolved        'concat-stream': '~1.4.7',
34 silly install resolved        duplexer: '~0.1.1',
34 silly install resolved        hyperquest: '~1.0.1',
34 silly install resolved        rimraf: '~2.2.8',
34 silly install resolved        through: '~2.3.6',
34 silly install resolved        through2: '~0.6.3',
34 silly install resolved        'through2-map': '~1.4.0',
34 silly install resolved        workshopper: '~2.5.0',
34 silly install resolved        'workshopper-exercise': '~2.3.0',
34 silly install resolved        'workshopper-wrappedexec': '~0.1.1' },
34 silly install resolved     bin: { learnyounode: './learnyounode.js' },
34 silly install resolved     preferGlobal: true,
34 silly install resolved     gitHead: '5fbc23b8d2bab2af0db6403357244086f3883c24',
34 silly install resolved     bugs: { url: 'https://github.com/rvagg/learnyounode/issues' },
34 silly install resolved     homepage: 'https://github.com/rvagg/learnyounode',
34 silly install resolved     _id: 'learnyounode@2.5.2',
34 silly install resolved     scripts: {},
34 silly install resolved     _shasum: '093fef22d5b72573ba126b9b9f9edc012ed43695',
34 silly install resolved     _from: 'learnyounode@*',
34 silly install resolved     _npmVersion: '2.7.6',
34 silly install resolved     _nodeVersion: '1.7.1',
34 silly install resolved     _npmUser: { name: 'rvagg', email: 'rod@vagg.org' },
34 silly install resolved     maintainers: [ [Object] ],
34 silly install resolved     dist:
34 silly install resolved      { shasum: '093fef22d5b72573ba126b9b9f9edc012ed43695',
34 silly install resolved        tarball: 'http://registry.npmjs.org/learnyounode/-/learnyounode-2.5.2.tgz' },
34 silly install resolved     directories: {},
34 silly install resolved     _resolved: 'https://registry.npmjs.org/learnyounode/-/learnyounode-2.5.2.tgz',
34 silly install resolved     readme: 'ERROR: No README data found!' } ]
35 info install learnyounode@2.5.2 into /usr/local/lib
36 info installOne learnyounode@2.5.2
37 verbose installOne of learnyounode to /usr/local/lib not in flight; installing
38 verbose lock using /home/vault/.npm/_locks/learnyounode-3267a39f0ae1a4f5.lock for /usr/local/lib/node_modules/learnyounode
39 silly install write writing learnyounode 2.5.2 to /usr/local/lib/node_modules/learnyounode
40 verbose unbuild lib/node_modules/learnyounode
41 info preuninstall learnyounode@2.5.2
42 info uninstall learnyounode@2.5.2
43 verbose unbuild rmStuff learnyounode@2.5.2 from /usr/local/lib/node_modules
44 silly gentlyRm /usr/local/bin/learnyounode is being gently removed
45 silly gentlyRm verifying /usr/local is an npm working directory
46 silly gentlyRm containing path /usr/local is under npm's control, in /usr/local
47 silly gentlyRm deletion target /usr/local/bin/learnyounode is under /usr/local
48 verbose gentlyRm vacuuming from /usr/local/bin/learnyounode up to /usr/local
49 silly vacuum-fs removing /usr/local/bin/learnyounode
50 verbose unlock done using /home/vault/.npm/_locks/learnyounode-3267a39f0ae1a4f5.lock for /usr/local/lib/node_modules/learnyounode
51 verbose stack Error: EACCES, unlink '/usr/local/bin/learnyounode'
51 verbose stack     at Error (native)
52 verbose cwd /home/vault/learnyounode
53 error Linux 3.19.0-21-generic
54 error argv "node" "/usr/local/bin/npm" "install" "-g" "learnyounode"
55 error node v0.12.2
56 error npm  v2.8.3
57 error path /usr/local/bin/learnyounode
58 error code EACCES
59 error errno -13
60 error Error: EACCES, unlink '/usr/local/bin/learnyounode'
60 error     at Error (native)
60 error  { [Error: EACCES, unlink '/usr/local/bin/learnyounode']
60 error   errno: -13,
60 error   code: 'EACCES',
60 error   path: '/usr/local/bin/learnyounode' }
61 error Please try running this command again as root/Administrator.
62 verbose exit [ -13, true ]
63 verbose unbuild lib/node_modules/learnyounode
64 info preuninstall learnyounode@2.5.2
65 info uninstall learnyounode@2.5.2
66 verbose unbuild rmStuff learnyounode@2.5.2 from /usr/local/lib/node_modules
67 silly gentlyRm /usr/local/bin/learnyounode is being gently removed
68 silly gentlyRm verifying /usr/local is an npm working directory
69 silly gentlyRm containing path /usr/local is under npm's control, in /usr/local
70 silly gentlyRm deletion target /usr/local/bin/learnyounode is under /usr/local
71 verbose gentlyRm vacuuming from /usr/local/bin/learnyounode up to /usr/local
72 silly vacuum-fs removing /usr/local/bin/learnyounode
73 error error rolling back Error: EACCES, unlink '/usr/local/bin/learnyounode'
73 error error rolling back     at Error (native)
73 error error rolling back  { [Error: EACCES, unlink '/usr/local/bin/learnyounode']
73 error error rolling back   errno: -13,
73 error error rolling back   code: 'EACCES',
73 error error rolling back   path: '/usr/local/bin/learnyounode' }
